<?xml version="1.0" encoding="UTF-8"?>
<!-- Generated by org.testng.reporters.JUnitXMLReporter -->
<testsuite ignored="0" hostname="mangesh-sutar" failures="2" tests="3" name="Mangesh" time="0.054" errors="0" timestamp="2023-03-09T21:07:00 IST">
  <testcase classname="com.testng.practice.suiteLevelParameter" name="@BeforeTest openBrowser" time="-1.678376220514E9">
    <failure type="org.testng.TestNGException" message="
Parameter &amp;apos;browsername&amp;apos; is required by BeforeTest on method openBrowser but has not been marked @Optional or defined
in /home/mangeshs/eclipse-workspace/PracticeTestNG/src/test/resources/sampletest.xml">
      <![CDATA[org.testng.TestNGException: 
Parameter 'browsername' is required by BeforeTest on method openBrowser but has not been marked @Optional or defined
in /home/mangeshs/eclipse-workspace/PracticeTestNG/src/test/resources/sampletest.xml
... Removed 21 stack frames]]>
    </failure>
  </testcase> <!-- @BeforeTest openBrowser -->
  <testcase classname="com.testng.practice.suiteLevelParameter" name="@AfterMethod tearDown" time="0.0">
    <skipped/>
  </testcase> <!-- @AfterMethod tearDown -->
  <testcase classname="com.testng.practice.suiteLevelParameter" name="launchapplication" time="0.0">
    <failure type="org.testng.TestNGException" message="
Parameter &amp;apos;url&amp;apos; is required by @Test on method launchapplication but has not been marked @Optional or defined
in /home/mangeshs/eclipse-workspace/PracticeTestNG/src/test/resources/sampletest.xml">
      <![CDATA[org.testng.TestNGException: 
Parameter 'url' is required by @Test on method launchapplication but has not been marked @Optional or defined
in /home/mangeshs/eclipse-workspace/PracticeTestNG/src/test/resources/sampletest.xml
at java.base/java.util.ArrayList.forEach(ArrayList.java:1541)
... Removed 26 stack frames]]>
    </failure>
  </testcase> <!-- launchapplication -->
  <testcase classname="com.testng.practice.suiteLevelParameter" name="loginuser" time="0.0">
    <failure type="org.testng.TestNGException" message="
Parameter &amp;apos;username&amp;apos; is required by @Test on method loginuser but has not been marked @Optional or defined
in /home/mangeshs/eclipse-workspace/PracticeTestNG/src/test/resources/sampletest.xml">
      <![CDATA[org.testng.TestNGException: 
Parameter 'username' is required by @Test on method loginuser but has not been marked @Optional or defined
in /home/mangeshs/eclipse-workspace/PracticeTestNG/src/test/resources/sampletest.xml
at java.base/java.util.ArrayList.forEach(ArrayList.java:1541)
... Removed 26 stack frames]]>
    </failure>
  </testcase> <!-- loginuser -->
  <testcase classname="com.testng.practice.suiteLevelParameter" name="logoutsuccessfully" time="0.0">
    <skipped/>
  </testcase> <!-- logoutsuccessfully -->
</testsuite> <!-- Mangesh -->
