<?xml version="1.0" encoding="UTF-8"?>
<!-- Generated by org.testng.reporters.JUnitXMLReporter -->
<testsuite ignored="3" hostname="mangesh-sutar" failures="1" tests="1" name="Test1" time="0.052" errors="0" timestamp="2023-02-27T21:38:12 IST">
  <testcase classname="P25_Listener.P25_04_TestClass" name="testMethod1" time="0.008">
    <failure type="java.lang.AssertionError">
      <![CDATA[java.lang.AssertionError: 
at P25_Listener.P25_04_TestClass.testMethod1(P25_04_TestClass.java:16)
at java.base/java.util.ArrayList.forEach(ArrayList.java:1541)
... Removed 30 stack frames]]>
    </failure>
  </testcase> <!-- testMethod1 -->
  <testcase classname="P25_Listener.P25_04_TestClass" name="testMethod2" time="0.0">
    <ignored/>
  </testcase> <!-- testMethod2 -->
  <testcase classname="P25_Listener.P25_04_TestClass" name="testMethod3" time="0.0">
    <ignored/>
  </testcase> <!-- testMethod3 -->
  <testcase classname="P25_Listener.P25_04_TestClass" name="testMethod4" time="0.0">
    <ignored/>
  </testcase> <!-- testMethod4 -->
</testsuite> <!-- Test1 -->
